State 107 conflicts: 1 shift/reduce


Grammar

    0 $accept: unit "end of file"

    1 unit: define_or_state
    2     | unit define_or_state

    3 define_or_state: error ';'
    4                | "def" "identifier" ':' "Register" ';'
    5                | "def" "identifier" ':' "Instruction" inst_block
    6                | "let" "projectName" '=' "identifier" ';'

    7 inst_block: '{' decl_list state_list '}'

    8 block: '{' state_list '}'

    9 decl_list: ε
   10          | decls

   11 state_list: ε
   12           | states

   13 decls: declaration
   14      | decls declaration

   15 declaration: "def" value ':' "local" ';'
   16            | "def" value ':' "rd" ';'
   17            | "def" value ':' "rs1" ';'
   18            | "def" value ':' "rs2" ';'

   19 states: statement
   20       | states statement

   21 statement: ';'
   22          | assign ';'
   23          | "identifier" '(' args ')' ';'
   24          | "identifier" '(' ')' ';'
   25          | "if" '(' expr ')' statement
   26          | "if" '(' expr ')' statement "else" statement
   27          | "while" '(' expr ')' statement
   28          | "load" value "<=" '<' value '>' ';'
   29          | "store" '<' value '>' "<=" value ';'
   30          | block

   31 assign: "let" value '=' expr
   32       | "let" value "+=" expr
   33       | "let" value "-=" expr

   34 expr: expr "&&" expr
   35     | expr "||" expr
   36     | expr "==" expr
   37     | expr "!=" expr
   38     | expr ">=" expr
   39     | expr "<=" expr
   40     | expr '>' expr
   41     | expr '<' expr
   42     | '(' expr ')'
   43     | value
   44     | "ival"
   45     | "identifier" '(' args ')'
   46     | "identifier" '(' ')'

   47 value: "identifier"

   48 args: expr
   49     | args ',' expr


Terminals, with rules where they appear

    "end of file" (0) 0
    '(' (40) 23 24 25 26 27 42 45 46
    ')' (41) 23 24 25 26 27 42 45 46
    ',' (44) 49
    ':' (58) 4 5 15 16 17 18
    ';' (59) 3 4 6 15 16 17 18 21 22 23 24 28 29
    '<' (60) 28 29 41
    '=' (61) 6 31
    '>' (62) 28 29 40
    '{' (123) 7 8
    '}' (125) 7 8
    error (256) 3
    "ival" <ival> (258) 44
    "identifier" <sval> (259) 4 5 6 23 24 45 46 47
    "||" (260) 35
    "&&" (261) 34
    "==" (262) 36
    "!=" (263) 37
    ">=" (264) 38
    "<=" (265) 28 29 39
    "+=" (266) 32
    "-=" (267) 33
    "if" (268) 25 26
    "else" (269) 26
    "while" (270) 27
    "def" (271) 4 5 15 16 17 18
    "let" (272) 6 31 32 33
    "Register" (273) 4
    "Instruction" (274) 5
    "local" (275) 15
    "load" (276) 28
    "store" (277) 29
    "projectName" (278) 6
    "rd" (279) 16
    "rs1" (280) 17
    "rs2" (281) 18


Nonterminals, with rules where they appear

    $accept (37)
        on left: 0
    unit (38)
        on left: 1 2
        on right: 0 2
    define_or_state (39)
        on left: 3 4 5 6
        on right: 1 2
    inst_block <block> (40)
        on left: 7
        on right: 5
    block <block> (41)
        on left: 8
        on right: 30
    decl_list <decls> (42)
        on left: 9 10
        on right: 7
    state_list <states> (43)
        on left: 11 12
        on right: 7 8
    decls <decls> (44)
        on left: 13 14
        on right: 10 14
    declaration <declaration> (45)
        on left: 15 16 17 18
        on right: 13 14
    states <states> (46)
        on left: 19 20
        on right: 12 20
    statement <statement> (47)
        on left: 21 22 23 24 25 26 27 28 29 30
        on right: 19 20 25 26 27
    assign <assign> (48)
        on left: 31 32 33
        on right: 22
    expr <expr> (49)
        on left: 34 35 36 37 38 39 40 41 42 43 44 45 46
        on right: 25 26 27 31 32 33 34 35 36 37 38 39 40 41 42 48 49
    value <value> (50)
        on left: 47
        on right: 15 16 17 18 28 29 31 32 33 43
    args <args> (51)
        on left: 48 49
        on right: 23 45 49


State 0

    0 $accept: • unit "end of file"
    1 unit: • define_or_state
    2     | • unit define_or_state
    3 define_or_state: • error ';'
    4                | • "def" "identifier" ':' "Register" ';'
    5                | • "def" "identifier" ':' "Instruction" inst_block
    6                | • "let" "projectName" '=' "identifier" ';'

    error  shift, and go to state 1
    "def"  shift, and go to state 2
    "let"  shift, and go to state 3

    unit             go to state 4
    define_or_state  go to state 5


State 1

    3 define_or_state: error • ';'

    ';'  shift, and go to state 6


State 2

    4 define_or_state: "def" • "identifier" ':' "Register" ';'
    5                | "def" • "identifier" ':' "Instruction" inst_block

    "identifier"  shift, and go to state 7


State 3

    6 define_or_state: "let" • "projectName" '=' "identifier" ';'

    "projectName"  shift, and go to state 8


State 4

    0 $accept: unit • "end of file"
    2 unit: unit • define_or_state
    3 define_or_state: • error ';'
    4                | • "def" "identifier" ':' "Register" ';'
    5                | • "def" "identifier" ':' "Instruction" inst_block
    6                | • "let" "projectName" '=' "identifier" ';'

    "end of file"  shift, and go to state 9
    error          shift, and go to state 1
    "def"          shift, and go to state 2
    "let"          shift, and go to state 3

    define_or_state  go to state 10


State 5

    1 unit: define_or_state •

    $default  reduce using rule 1 (unit)


State 6

    3 define_or_state: error ';' •

    $default  reduce using rule 3 (define_or_state)


State 7

    4 define_or_state: "def" "identifier" • ':' "Register" ';'
    5                | "def" "identifier" • ':' "Instruction" inst_block

    ':'  shift, and go to state 11


State 8

    6 define_or_state: "let" "projectName" • '=' "identifier" ';'

    '='  shift, and go to state 12


State 9

    0 $accept: unit "end of file" •

    $default  accept


State 10

    2 unit: unit define_or_state •

    $default  reduce using rule 2 (unit)


State 11

    4 define_or_state: "def" "identifier" ':' • "Register" ';'
    5                | "def" "identifier" ':' • "Instruction" inst_block

    "Register"     shift, and go to state 13
    "Instruction"  shift, and go to state 14


State 12

    6 define_or_state: "let" "projectName" '=' • "identifier" ';'

    "identifier"  shift, and go to state 15


State 13

    4 define_or_state: "def" "identifier" ':' "Register" • ';'

    ';'  shift, and go to state 16


State 14

    5 define_or_state: "def" "identifier" ':' "Instruction" • inst_block
    7 inst_block: • '{' decl_list state_list '}'

    '{'  shift, and go to state 17

    inst_block  go to state 18


State 15

    6 define_or_state: "let" "projectName" '=' "identifier" • ';'

    ';'  shift, and go to state 19


State 16

    4 define_or_state: "def" "identifier" ':' "Register" ';' •

    $default  reduce using rule 4 (define_or_state)


State 17

    7 inst_block: '{' • decl_list state_list '}'
    9 decl_list: ε •  ["identifier", "if", "while", "let", "load", "store", ';', '{', '}']
   10          | • decls
   13 decls: • declaration
   14      | • decls declaration
   15 declaration: • "def" value ':' "local" ';'
   16            | • "def" value ':' "rd" ';'
   17            | • "def" value ':' "rs1" ';'
   18            | • "def" value ':' "rs2" ';'

    "def"  shift, and go to state 20

    $default  reduce using rule 9 (decl_list)

    decl_list    go to state 21
    decls        go to state 22
    declaration  go to state 23


State 18

    5 define_or_state: "def" "identifier" ':' "Instruction" inst_block •

    $default  reduce using rule 5 (define_or_state)


State 19

    6 define_or_state: "let" "projectName" '=' "identifier" ';' •

    $default  reduce using rule 6 (define_or_state)


State 20

   15 declaration: "def" • value ':' "local" ';'
   16            | "def" • value ':' "rd" ';'
   17            | "def" • value ':' "rs1" ';'
   18            | "def" • value ':' "rs2" ';'
   47 value: • "identifier"

    "identifier"  shift, and go to state 24

    value  go to state 25


State 21

    7 inst_block: '{' decl_list • state_list '}'
    8 block: • '{' state_list '}'
   11 state_list: ε •  ['}']
   12           | • states
   19 states: • statement
   20       | • states statement
   21 statement: • ';'
   22          | • assign ';'
   23          | • "identifier" '(' args ')' ';'
   24          | • "identifier" '(' ')' ';'
   25          | • "if" '(' expr ')' statement
   26          | • "if" '(' expr ')' statement "else" statement
   27          | • "while" '(' expr ')' statement
   28          | • "load" value "<=" '<' value '>' ';'
   29          | • "store" '<' value '>' "<=" value ';'
   30          | • block
   31 assign: • "let" value '=' expr
   32       | • "let" value "+=" expr
   33       | • "let" value "-=" expr

    "identifier"  shift, and go to state 26
    "if"          shift, and go to state 27
    "while"       shift, and go to state 28
    "let"         shift, and go to state 29
    "load"        shift, and go to state 30
    "store"       shift, and go to state 31
    ';'           shift, and go to state 32
    '{'           shift, and go to state 33

    $default  reduce using rule 11 (state_list)

    block       go to state 34
    state_list  go to state 35
    states      go to state 36
    statement   go to state 37
    assign      go to state 38


State 22

   10 decl_list: decls •  ["identifier", "if", "while", "let", "load", "store", ';', '{', '}']
   14 decls: decls • declaration
   15 declaration: • "def" value ':' "local" ';'
   16            | • "def" value ':' "rd" ';'
   17            | • "def" value ':' "rs1" ';'
   18            | • "def" value ':' "rs2" ';'

    "def"  shift, and go to state 20

    $default  reduce using rule 10 (decl_list)

    declaration  go to state 39


State 23

   13 decls: declaration •

    $default  reduce using rule 13 (decls)


State 24

   47 value: "identifier" •

    $default  reduce using rule 47 (value)


State 25

   15 declaration: "def" value • ':' "local" ';'
   16            | "def" value • ':' "rd" ';'
   17            | "def" value • ':' "rs1" ';'
   18            | "def" value • ':' "rs2" ';'

    ':'  shift, and go to state 40


State 26

   23 statement: "identifier" • '(' args ')' ';'
   24          | "identifier" • '(' ')' ';'

    '('  shift, and go to state 41


State 27

   25 statement: "if" • '(' expr ')' statement
   26          | "if" • '(' expr ')' statement "else" statement

    '('  shift, and go to state 42


State 28

   27 statement: "while" • '(' expr ')' statement

    '('  shift, and go to state 43


State 29

   31 assign: "let" • value '=' expr
   32       | "let" • value "+=" expr
   33       | "let" • value "-=" expr
   47 value: • "identifier"

    "identifier"  shift, and go to state 24

    value  go to state 44


State 30

   28 statement: "load" • value "<=" '<' value '>' ';'
   47 value: • "identifier"

    "identifier"  shift, and go to state 24

    value  go to state 45


State 31

   29 statement: "store" • '<' value '>' "<=" value ';'

    '<'  shift, and go to state 46


State 32

   21 statement: ';' •

    $default  reduce using rule 21 (statement)


State 33

    8 block: • '{' state_list '}'
    8      | '{' • state_list '}'
   11 state_list: ε •  ['}']
   12           | • states
   19 states: • statement
   20       | • states statement
   21 statement: • ';'
   22          | • assign ';'
   23          | • "identifier" '(' args ')' ';'
   24          | • "identifier" '(' ')' ';'
   25          | • "if" '(' expr ')' statement
   26          | • "if" '(' expr ')' statement "else" statement
   27          | • "while" '(' expr ')' statement
   28          | • "load" value "<=" '<' value '>' ';'
   29          | • "store" '<' value '>' "<=" value ';'
   30          | • block
   31 assign: • "let" value '=' expr
   32       | • "let" value "+=" expr
   33       | • "let" value "-=" expr

    "identifier"  shift, and go to state 26
    "if"          shift, and go to state 27
    "while"       shift, and go to state 28
    "let"         shift, and go to state 29
    "load"        shift, and go to state 30
    "store"       shift, and go to state 31
    ';'           shift, and go to state 32
    '{'           shift, and go to state 33

    $default  reduce using rule 11 (state_list)

    block       go to state 34
    state_list  go to state 47
    states      go to state 36
    statement   go to state 37
    assign      go to state 38


State 34

   30 statement: block •

    $default  reduce using rule 30 (statement)


State 35

    7 inst_block: '{' decl_list state_list • '}'

    '}'  shift, and go to state 48


State 36

    8 block: • '{' state_list '}'
   12 state_list: states •  ['}']
   20 states: states • statement
   21 statement: • ';'
   22          | • assign ';'
   23          | • "identifier" '(' args ')' ';'
   24          | • "identifier" '(' ')' ';'
   25          | • "if" '(' expr ')' statement
   26          | • "if" '(' expr ')' statement "else" statement
   27          | • "while" '(' expr ')' statement
   28          | • "load" value "<=" '<' value '>' ';'
   29          | • "store" '<' value '>' "<=" value ';'
   30          | • block
   31 assign: • "let" value '=' expr
   32       | • "let" value "+=" expr
   33       | • "let" value "-=" expr

    "identifier"  shift, and go to state 26
    "if"          shift, and go to state 27
    "while"       shift, and go to state 28
    "let"         shift, and go to state 29
    "load"        shift, and go to state 30
    "store"       shift, and go to state 31
    ';'           shift, and go to state 32
    '{'           shift, and go to state 33

    $default  reduce using rule 12 (state_list)

    block      go to state 34
    statement  go to state 49
    assign     go to state 38


State 37

   19 states: statement •

    $default  reduce using rule 19 (states)


State 38

   22 statement: assign • ';'

    ';'  shift, and go to state 50


State 39

   14 decls: decls declaration •

    $default  reduce using rule 14 (decls)


State 40

   15 declaration: "def" value ':' • "local" ';'
   16            | "def" value ':' • "rd" ';'
   17            | "def" value ':' • "rs1" ';'
   18            | "def" value ':' • "rs2" ';'

    "local"  shift, and go to state 51
    "rd"     shift, and go to state 52
    "rs1"    shift, and go to state 53
    "rs2"    shift, and go to state 54


State 41

   23 statement: "identifier" '(' • args ')' ';'
   24          | "identifier" '(' • ')' ';'
   34 expr: • expr "&&" expr
   35     | • expr "||" expr
   36     | • expr "==" expr
   37     | • expr "!=" expr
   38     | • expr ">=" expr
   39     | • expr "<=" expr
   40     | • expr '>' expr
   41     | • expr '<' expr
   42     | • '(' expr ')'
   43     | • value
   44     | • "ival"
   45     | • "identifier" '(' args ')'
   46     | • "identifier" '(' ')'
   47 value: • "identifier"
   48 args: • expr
   49     | • args ',' expr

    "ival"        shift, and go to state 55
    "identifier"  shift, and go to state 56
    '('           shift, and go to state 57
    ')'           shift, and go to state 58

    expr   go to state 59
    value  go to state 60
    args   go to state 61


State 42

   25 statement: "if" '(' • expr ')' statement
   26          | "if" '(' • expr ')' statement "else" statement
   34 expr: • expr "&&" expr
   35     | • expr "||" expr
   36     | • expr "==" expr
   37     | • expr "!=" expr
   38     | • expr ">=" expr
   39     | • expr "<=" expr
   40     | • expr '>' expr
   41     | • expr '<' expr
   42     | • '(' expr ')'
   43     | • value
   44     | • "ival"
   45     | • "identifier" '(' args ')'
   46     | • "identifier" '(' ')'
   47 value: • "identifier"

    "ival"        shift, and go to state 55
    "identifier"  shift, and go to state 56
    '('           shift, and go to state 57

    expr   go to state 62
    value  go to state 60


State 43

   27 statement: "while" '(' • expr ')' statement
   34 expr: • expr "&&" expr
   35     | • expr "||" expr
   36     | • expr "==" expr
   37     | • expr "!=" expr
   38     | • expr ">=" expr
   39     | • expr "<=" expr
   40     | • expr '>' expr
   41     | • expr '<' expr
   42     | • '(' expr ')'
   43     | • value
   44     | • "ival"
   45     | • "identifier" '(' args ')'
   46     | • "identifier" '(' ')'
   47 value: • "identifier"

    "ival"        shift, and go to state 55
    "identifier"  shift, and go to state 56
    '('           shift, and go to state 57

    expr   go to state 63
    value  go to state 60


State 44

   31 assign: "let" value • '=' expr
   32       | "let" value • "+=" expr
   33       | "let" value • "-=" expr

    "+="  shift, and go to state 64
    "-="  shift, and go to state 65
    '='   shift, and go to state 66


State 45

   28 statement: "load" value • "<=" '<' value '>' ';'

    "<="  shift, and go to state 67


State 46

   29 statement: "store" '<' • value '>' "<=" value ';'
   47 value: • "identifier"

    "identifier"  shift, and go to state 24

    value  go to state 68


State 47

    8 block: '{' state_list • '}'

    '}'  shift, and go to state 69


State 48

    7 inst_block: '{' decl_list state_list '}' •

    $default  reduce using rule 7 (inst_block)


State 49

   20 states: states statement •

    $default  reduce using rule 20 (states)


State 50

   22 statement: assign ';' •

    $default  reduce using rule 22 (statement)


State 51

   15 declaration: "def" value ':' "local" • ';'

    ';'  shift, and go to state 70


State 52

   16 declaration: "def" value ':' "rd" • ';'

    ';'  shift, and go to state 71


State 53

   17 declaration: "def" value ':' "rs1" • ';'

    ';'  shift, and go to state 72


State 54

   18 declaration: "def" value ':' "rs2" • ';'

    ';'  shift, and go to state 73


State 55

   44 expr: "ival" •

    $default  reduce using rule 44 (expr)


State 56

   45 expr: "identifier" • '(' args ')'
   46     | "identifier" • '(' ')'
   47 value: "identifier" •  ["||", "&&", "==", "!=", ">=", "<=", '>', '<', ';', ')', ',']

    '('  shift, and go to state 74

    $default  reduce using rule 47 (value)


State 57

   34 expr: • expr "&&" expr
   35     | • expr "||" expr
   36     | • expr "==" expr
   37     | • expr "!=" expr
   38     | • expr ">=" expr
   39     | • expr "<=" expr
   40     | • expr '>' expr
   41     | • expr '<' expr
   42     | • '(' expr ')'
   42     | '(' • expr ')'
   43     | • value
   44     | • "ival"
   45     | • "identifier" '(' args ')'
   46     | • "identifier" '(' ')'
   47 value: • "identifier"

    "ival"        shift, and go to state 55
    "identifier"  shift, and go to state 56
    '('           shift, and go to state 57

    expr   go to state 75
    value  go to state 60


State 58

   24 statement: "identifier" '(' ')' • ';'

    ';'  shift, and go to state 76


State 59

   34 expr: expr • "&&" expr
   35     | expr • "||" expr
   36     | expr • "==" expr
   37     | expr • "!=" expr
   38     | expr • ">=" expr
   39     | expr • "<=" expr
   40     | expr • '>' expr
   41     | expr • '<' expr
   48 args: expr •  [')', ',']

    "||"  shift, and go to state 77
    "&&"  shift, and go to state 78
    "=="  shift, and go to state 79
    "!="  shift, and go to state 80
    ">="  shift, and go to state 81
    "<="  shift, and go to state 82
    '>'   shift, and go to state 83
    '<'   shift, and go to state 84

    $default  reduce using rule 48 (args)


State 60

   43 expr: value •

    $default  reduce using rule 43 (expr)


State 61

   23 statement: "identifier" '(' args • ')' ';'
   49 args: args • ',' expr

    ')'  shift, and go to state 85
    ','  shift, and go to state 86


State 62

   25 statement: "if" '(' expr • ')' statement
   26          | "if" '(' expr • ')' statement "else" statement
   34 expr: expr • "&&" expr
   35     | expr • "||" expr
   36     | expr • "==" expr
   37     | expr • "!=" expr
   38     | expr • ">=" expr
   39     | expr • "<=" expr
   40     | expr • '>' expr
   41     | expr • '<' expr

    "||"  shift, and go to state 77
    "&&"  shift, and go to state 78
    "=="  shift, and go to state 79
    "!="  shift, and go to state 80
    ">="  shift, and go to state 81
    "<="  shift, and go to state 82
    '>'   shift, and go to state 83
    '<'   shift, and go to state 84
    ')'   shift, and go to state 87


State 63

   27 statement: "while" '(' expr • ')' statement
   34 expr: expr • "&&" expr
   35     | expr • "||" expr
   36     | expr • "==" expr
   37     | expr • "!=" expr
   38     | expr • ">=" expr
   39     | expr • "<=" expr
   40     | expr • '>' expr
   41     | expr • '<' expr

    "||"  shift, and go to state 77
    "&&"  shift, and go to state 78
    "=="  shift, and go to state 79
    "!="  shift, and go to state 80
    ">="  shift, and go to state 81
    "<="  shift, and go to state 82
    '>'   shift, and go to state 83
    '<'   shift, and go to state 84
    ')'   shift, and go to state 88


State 64

   32 assign: "let" value "+=" • expr
   34 expr: • expr "&&" expr
   35     | • expr "||" expr
   36     | • expr "==" expr
   37     | • expr "!=" expr
   38     | • expr ">=" expr
   39     | • expr "<=" expr
   40     | • expr '>' expr
   41     | • expr '<' expr
   42     | • '(' expr ')'
   43     | • value
   44     | • "ival"
   45     | • "identifier" '(' args ')'
   46     | • "identifier" '(' ')'
   47 value: • "identifier"

    "ival"        shift, and go to state 55
    "identifier"  shift, and go to state 56
    '('           shift, and go to state 57

    expr   go to state 89
    value  go to state 60


State 65

   33 assign: "let" value "-=" • expr
   34 expr: • expr "&&" expr
   35     | • expr "||" expr
   36     | • expr "==" expr
   37     | • expr "!=" expr
   38     | • expr ">=" expr
   39     | • expr "<=" expr
   40     | • expr '>' expr
   41     | • expr '<' expr
   42     | • '(' expr ')'
   43     | • value
   44     | • "ival"
   45     | • "identifier" '(' args ')'
   46     | • "identifier" '(' ')'
   47 value: • "identifier"

    "ival"        shift, and go to state 55
    "identifier"  shift, and go to state 56
    '('           shift, and go to state 57

    expr   go to state 90
    value  go to state 60


State 66

   31 assign: "let" value '=' • expr
   34 expr: • expr "&&" expr
   35     | • expr "||" expr
   36     | • expr "==" expr
   37     | • expr "!=" expr
   38     | • expr ">=" expr
   39     | • expr "<=" expr
   40     | • expr '>' expr
   41     | • expr '<' expr
   42     | • '(' expr ')'
   43     | • value
   44     | • "ival"
   45     | • "identifier" '(' args ')'
   46     | • "identifier" '(' ')'
   47 value: • "identifier"

    "ival"        shift, and go to state 55
    "identifier"  shift, and go to state 56
    '('           shift, and go to state 57

    expr   go to state 91
    value  go to state 60


State 67

   28 statement: "load" value "<=" • '<' value '>' ';'

    '<'  shift, and go to state 92


State 68

   29 statement: "store" '<' value • '>' "<=" value ';'

    '>'  shift, and go to state 93


State 69

    8 block: '{' state_list '}' •

    $default  reduce using rule 8 (block)


State 70

   15 declaration: "def" value ':' "local" ';' •

    $default  reduce using rule 15 (declaration)


State 71

   16 declaration: "def" value ':' "rd" ';' •

    $default  reduce using rule 16 (declaration)


State 72

   17 declaration: "def" value ':' "rs1" ';' •

    $default  reduce using rule 17 (declaration)


State 73

   18 declaration: "def" value ':' "rs2" ';' •

    $default  reduce using rule 18 (declaration)


State 74

   34 expr: • expr "&&" expr
   35     | • expr "||" expr
   36     | • expr "==" expr
   37     | • expr "!=" expr
   38     | • expr ">=" expr
   39     | • expr "<=" expr
   40     | • expr '>' expr
   41     | • expr '<' expr
   42     | • '(' expr ')'
   43     | • value
   44     | • "ival"
   45     | • "identifier" '(' args ')'
   45     | "identifier" '(' • args ')'
   46     | • "identifier" '(' ')'
   46     | "identifier" '(' • ')'
   47 value: • "identifier"
   48 args: • expr
   49     | • args ',' expr

    "ival"        shift, and go to state 55
    "identifier"  shift, and go to state 56
    '('           shift, and go to state 57
    ')'           shift, and go to state 94

    expr   go to state 59
    value  go to state 60
    args   go to state 95


State 75

   34 expr: expr • "&&" expr
   35     | expr • "||" expr
   36     | expr • "==" expr
   37     | expr • "!=" expr
   38     | expr • ">=" expr
   39     | expr • "<=" expr
   40     | expr • '>' expr
   41     | expr • '<' expr
   42     | '(' expr • ')'

    "||"  shift, and go to state 77
    "&&"  shift, and go to state 78
    "=="  shift, and go to state 79
    "!="  shift, and go to state 80
    ">="  shift, and go to state 81
    "<="  shift, and go to state 82
    '>'   shift, and go to state 83
    '<'   shift, and go to state 84
    ')'   shift, and go to state 96


State 76

   24 statement: "identifier" '(' ')' ';' •

    $default  reduce using rule 24 (statement)


State 77

   34 expr: • expr "&&" expr
   35     | • expr "||" expr
   35     | expr "||" • expr
   36     | • expr "==" expr
   37     | • expr "!=" expr
   38     | • expr ">=" expr
   39     | • expr "<=" expr
   40     | • expr '>' expr
   41     | • expr '<' expr
   42     | • '(' expr ')'
   43     | • value
   44     | • "ival"
   45     | • "identifier" '(' args ')'
   46     | • "identifier" '(' ')'
   47 value: • "identifier"

    "ival"        shift, and go to state 55
    "identifier"  shift, and go to state 56
    '('           shift, and go to state 57

    expr   go to state 97
    value  go to state 60


State 78

   34 expr: • expr "&&" expr
   34     | expr "&&" • expr
   35     | • expr "||" expr
   36     | • expr "==" expr
   37     | • expr "!=" expr
   38     | • expr ">=" expr
   39     | • expr "<=" expr
   40     | • expr '>' expr
   41     | • expr '<' expr
   42     | • '(' expr ')'
   43     | • value
   44     | • "ival"
   45     | • "identifier" '(' args ')'
   46     | • "identifier" '(' ')'
   47 value: • "identifier"

    "ival"        shift, and go to state 55
    "identifier"  shift, and go to state 56
    '('           shift, and go to state 57

    expr   go to state 98
    value  go to state 60


State 79

   34 expr: • expr "&&" expr
   35     | • expr "||" expr
   36     | • expr "==" expr
   36     | expr "==" • expr
   37     | • expr "!=" expr
   38     | • expr ">=" expr
   39     | • expr "<=" expr
   40     | • expr '>' expr
   41     | • expr '<' expr
   42     | • '(' expr ')'
   43     | • value
   44     | • "ival"
   45     | • "identifier" '(' args ')'
   46     | • "identifier" '(' ')'
   47 value: • "identifier"

    "ival"        shift, and go to state 55
    "identifier"  shift, and go to state 56
    '('           shift, and go to state 57

    expr   go to state 99
    value  go to state 60


State 80

   34 expr: • expr "&&" expr
   35     | • expr "||" expr
   36     | • expr "==" expr
   37     | • expr "!=" expr
   37     | expr "!=" • expr
   38     | • expr ">=" expr
   39     | • expr "<=" expr
   40     | • expr '>' expr
   41     | • expr '<' expr
   42     | • '(' expr ')'
   43     | • value
   44     | • "ival"
   45     | • "identifier" '(' args ')'
   46     | • "identifier" '(' ')'
   47 value: • "identifier"

    "ival"        shift, and go to state 55
    "identifier"  shift, and go to state 56
    '('           shift, and go to state 57

    expr   go to state 100
    value  go to state 60


State 81

   34 expr: • expr "&&" expr
   35     | • expr "||" expr
   36     | • expr "==" expr
   37     | • expr "!=" expr
   38     | • expr ">=" expr
   38     | expr ">=" • expr
   39     | • expr "<=" expr
   40     | • expr '>' expr
   41     | • expr '<' expr
   42     | • '(' expr ')'
   43     | • value
   44     | • "ival"
   45     | • "identifier" '(' args ')'
   46     | • "identifier" '(' ')'
   47 value: • "identifier"

    "ival"        shift, and go to state 55
    "identifier"  shift, and go to state 56
    '('           shift, and go to state 57

    expr   go to state 101
    value  go to state 60


State 82

   34 expr: • expr "&&" expr
   35     | • expr "||" expr
   36     | • expr "==" expr
   37     | • expr "!=" expr
   38     | • expr ">=" expr
   39     | • expr "<=" expr
   39     | expr "<=" • expr
   40     | • expr '>' expr
   41     | • expr '<' expr
   42     | • '(' expr ')'
   43     | • value
   44     | • "ival"
   45     | • "identifier" '(' args ')'
   46     | • "identifier" '(' ')'
   47 value: • "identifier"

    "ival"        shift, and go to state 55
    "identifier"  shift, and go to state 56
    '('           shift, and go to state 57

    expr   go to state 102
    value  go to state 60


State 83

   34 expr: • expr "&&" expr
   35     | • expr "||" expr
   36     | • expr "==" expr
   37     | • expr "!=" expr
   38     | • expr ">=" expr
   39     | • expr "<=" expr
   40     | • expr '>' expr
   40     | expr '>' • expr
   41     | • expr '<' expr
   42     | • '(' expr ')'
   43     | • value
   44     | • "ival"
   45     | • "identifier" '(' args ')'
   46     | • "identifier" '(' ')'
   47 value: • "identifier"

    "ival"        shift, and go to state 55
    "identifier"  shift, and go to state 56
    '('           shift, and go to state 57

    expr   go to state 103
    value  go to state 60


State 84

   34 expr: • expr "&&" expr
   35     | • expr "||" expr
   36     | • expr "==" expr
   37     | • expr "!=" expr
   38     | • expr ">=" expr
   39     | • expr "<=" expr
   40     | • expr '>' expr
   41     | • expr '<' expr
   41     | expr '<' • expr
   42     | • '(' expr ')'
   43     | • value
   44     | • "ival"
   45     | • "identifier" '(' args ')'
   46     | • "identifier" '(' ')'
   47 value: • "identifier"

    "ival"        shift, and go to state 55
    "identifier"  shift, and go to state 56
    '('           shift, and go to state 57

    expr   go to state 104
    value  go to state 60


State 85

   23 statement: "identifier" '(' args ')' • ';'

    ';'  shift, and go to state 105


State 86

   34 expr: • expr "&&" expr
   35     | • expr "||" expr
   36     | • expr "==" expr
   37     | • expr "!=" expr
   38     | • expr ">=" expr
   39     | • expr "<=" expr
   40     | • expr '>' expr
   41     | • expr '<' expr
   42     | • '(' expr ')'
   43     | • value
   44     | • "ival"
   45     | • "identifier" '(' args ')'
   46     | • "identifier" '(' ')'
   47 value: • "identifier"
   49 args: args ',' • expr

    "ival"        shift, and go to state 55
    "identifier"  shift, and go to state 56
    '('           shift, and go to state 57

    expr   go to state 106
    value  go to state 60


State 87

    8 block: • '{' state_list '}'
   21 statement: • ';'
   22          | • assign ';'
   23          | • "identifier" '(' args ')' ';'
   24          | • "identifier" '(' ')' ';'
   25          | • "if" '(' expr ')' statement
   25          | "if" '(' expr ')' • statement
   26          | • "if" '(' expr ')' statement "else" statement
   26          | "if" '(' expr ')' • statement "else" statement
   27          | • "while" '(' expr ')' statement
   28          | • "load" value "<=" '<' value '>' ';'
   29          | • "store" '<' value '>' "<=" value ';'
   30          | • block
   31 assign: • "let" value '=' expr
   32       | • "let" value "+=" expr
   33       | • "let" value "-=" expr

    "identifier"  shift, and go to state 26
    "if"          shift, and go to state 27
    "while"       shift, and go to state 28
    "let"         shift, and go to state 29
    "load"        shift, and go to state 30
    "store"       shift, and go to state 31
    ';'           shift, and go to state 32
    '{'           shift, and go to state 33

    block      go to state 34
    statement  go to state 107
    assign     go to state 38


State 88

    8 block: • '{' state_list '}'
   21 statement: • ';'
   22          | • assign ';'
   23          | • "identifier" '(' args ')' ';'
   24          | • "identifier" '(' ')' ';'
   25          | • "if" '(' expr ')' statement
   26          | • "if" '(' expr ')' statement "else" statement
   27          | • "while" '(' expr ')' statement
   27          | "while" '(' expr ')' • statement
   28          | • "load" value "<=" '<' value '>' ';'
   29          | • "store" '<' value '>' "<=" value ';'
   30          | • block
   31 assign: • "let" value '=' expr
   32       | • "let" value "+=" expr
   33       | • "let" value "-=" expr

    "identifier"  shift, and go to state 26
    "if"          shift, and go to state 27
    "while"       shift, and go to state 28
    "let"         shift, and go to state 29
    "load"        shift, and go to state 30
    "store"       shift, and go to state 31
    ';'           shift, and go to state 32
    '{'           shift, and go to state 33

    block      go to state 34
    statement  go to state 108
    assign     go to state 38


State 89

   32 assign: "let" value "+=" expr •  [';']
   34 expr: expr • "&&" expr
   35     | expr • "||" expr
   36     | expr • "==" expr
   37     | expr • "!=" expr
   38     | expr • ">=" expr
   39     | expr • "<=" expr
   40     | expr • '>' expr
   41     | expr • '<' expr

    "||"  shift, and go to state 77
    "&&"  shift, and go to state 78
    "=="  shift, and go to state 79
    "!="  shift, and go to state 80
    ">="  shift, and go to state 81
    "<="  shift, and go to state 82
    '>'   shift, and go to state 83
    '<'   shift, and go to state 84

    $default  reduce using rule 32 (assign)


State 90

   33 assign: "let" value "-=" expr •  [';']
   34 expr: expr • "&&" expr
   35     | expr • "||" expr
   36     | expr • "==" expr
   37     | expr • "!=" expr
   38     | expr • ">=" expr
   39     | expr • "<=" expr
   40     | expr • '>' expr
   41     | expr • '<' expr

    "||"  shift, and go to state 77
    "&&"  shift, and go to state 78
    "=="  shift, and go to state 79
    "!="  shift, and go to state 80
    ">="  shift, and go to state 81
    "<="  shift, and go to state 82
    '>'   shift, and go to state 83
    '<'   shift, and go to state 84

    $default  reduce using rule 33 (assign)


State 91

   31 assign: "let" value '=' expr •  [';']
   34 expr: expr • "&&" expr
   35     | expr • "||" expr
   36     | expr • "==" expr
   37     | expr • "!=" expr
   38     | expr • ">=" expr
   39     | expr • "<=" expr
   40     | expr • '>' expr
   41     | expr • '<' expr

    "||"  shift, and go to state 77
    "&&"  shift, and go to state 78
    "=="  shift, and go to state 79
    "!="  shift, and go to state 80
    ">="  shift, and go to state 81
    "<="  shift, and go to state 82
    '>'   shift, and go to state 83
    '<'   shift, and go to state 84

    $default  reduce using rule 31 (assign)


State 92

   28 statement: "load" value "<=" '<' • value '>' ';'
   47 value: • "identifier"

    "identifier"  shift, and go to state 24

    value  go to state 109


State 93

   29 statement: "store" '<' value '>' • "<=" value ';'

    "<="  shift, and go to state 110


State 94

   46 expr: "identifier" '(' ')' •

    $default  reduce using rule 46 (expr)


State 95

   45 expr: "identifier" '(' args • ')'
   49 args: args • ',' expr

    ')'  shift, and go to state 111
    ','  shift, and go to state 86


State 96

   42 expr: '(' expr ')' •

    $default  reduce using rule 42 (expr)


State 97

   34 expr: expr • "&&" expr
   35     | expr • "||" expr
   35     | expr "||" expr •  ["||", ';', ')', ',']
   36     | expr • "==" expr
   37     | expr • "!=" expr
   38     | expr • ">=" expr
   39     | expr • "<=" expr
   40     | expr • '>' expr
   41     | expr • '<' expr

    "&&"  shift, and go to state 78
    "=="  shift, and go to state 79
    "!="  shift, and go to state 80
    ">="  shift, and go to state 81
    "<="  shift, and go to state 82
    '>'   shift, and go to state 83
    '<'   shift, and go to state 84

    $default  reduce using rule 35 (expr)

    Conflict between rule 35 and token "||" resolved as reduce (%left "||").
    Conflict between rule 35 and token "&&" resolved as shift ("||" < "&&").
    Conflict between rule 35 and token "==" resolved as shift ("||" < "==").
    Conflict between rule 35 and token "!=" resolved as shift ("||" < "!=").
    Conflict between rule 35 and token ">=" resolved as shift ("||" < ">=").
    Conflict between rule 35 and token "<=" resolved as shift ("||" < "<=").
    Conflict between rule 35 and token '>' resolved as shift ("||" < '>').
    Conflict between rule 35 and token '<' resolved as shift ("||" < '<').


State 98

   34 expr: expr • "&&" expr
   34     | expr "&&" expr •  ["||", "&&", ';', ')', ',']
   35     | expr • "||" expr
   36     | expr • "==" expr
   37     | expr • "!=" expr
   38     | expr • ">=" expr
   39     | expr • "<=" expr
   40     | expr • '>' expr
   41     | expr • '<' expr

    "=="  shift, and go to state 79
    "!="  shift, and go to state 80
    ">="  shift, and go to state 81
    "<="  shift, and go to state 82
    '>'   shift, and go to state 83
    '<'   shift, and go to state 84

    $default  reduce using rule 34 (expr)

    Conflict between rule 34 and token "||" resolved as reduce ("||" < "&&").
    Conflict between rule 34 and token "&&" resolved as reduce (%left "&&").
    Conflict between rule 34 and token "==" resolved as shift ("&&" < "==").
    Conflict between rule 34 and token "!=" resolved as shift ("&&" < "!=").
    Conflict between rule 34 and token ">=" resolved as shift ("&&" < ">=").
    Conflict between rule 34 and token "<=" resolved as shift ("&&" < "<=").
    Conflict between rule 34 and token '>' resolved as shift ("&&" < '>').
    Conflict between rule 34 and token '<' resolved as shift ("&&" < '<').


State 99

   34 expr: expr • "&&" expr
   35     | expr • "||" expr
   36     | expr • "==" expr
   36     | expr "==" expr •  ["||", "&&", ';', ')', ',']
   37     | expr • "!=" expr
   38     | expr • ">=" expr
   39     | expr • "<=" expr
   40     | expr • '>' expr
   41     | expr • '<' expr

    "=="  error (nonassociative)
    "!="  error (nonassociative)
    ">="  error (nonassociative)
    "<="  error (nonassociative)
    '>'   error (nonassociative)
    '<'   error (nonassociative)

    $default  reduce using rule 36 (expr)

    Conflict between rule 36 and token "||" resolved as reduce ("||" < "==").
    Conflict between rule 36 and token "&&" resolved as reduce ("&&" < "==").
    Conflict between rule 36 and token "==" resolved as an error (%nonassoc "==").
    Conflict between rule 36 and token "!=" resolved as an error (%nonassoc "!=").
    Conflict between rule 36 and token ">=" resolved as an error (%nonassoc ">=").
    Conflict between rule 36 and token "<=" resolved as an error (%nonassoc "<=").
    Conflict between rule 36 and token '>' resolved as an error (%nonassoc '>').
    Conflict between rule 36 and token '<' resolved as an error (%nonassoc '<').


State 100

   34 expr: expr • "&&" expr
   35     | expr • "||" expr
   36     | expr • "==" expr
   37     | expr • "!=" expr
   37     | expr "!=" expr •  ["||", "&&", ';', ')', ',']
   38     | expr • ">=" expr
   39     | expr • "<=" expr
   40     | expr • '>' expr
   41     | expr • '<' expr

    "=="  error (nonassociative)
    "!="  error (nonassociative)
    ">="  error (nonassociative)
    "<="  error (nonassociative)
    '>'   error (nonassociative)
    '<'   error (nonassociative)

    $default  reduce using rule 37 (expr)

    Conflict between rule 37 and token "||" resolved as reduce ("||" < "!=").
    Conflict between rule 37 and token "&&" resolved as reduce ("&&" < "!=").
    Conflict between rule 37 and token "==" resolved as an error (%nonassoc "==").
    Conflict between rule 37 and token "!=" resolved as an error (%nonassoc "!=").
    Conflict between rule 37 and token ">=" resolved as an error (%nonassoc ">=").
    Conflict between rule 37 and token "<=" resolved as an error (%nonassoc "<=").
    Conflict between rule 37 and token '>' resolved as an error (%nonassoc '>').
    Conflict between rule 37 and token '<' resolved as an error (%nonassoc '<').


State 101

   34 expr: expr • "&&" expr
   35     | expr • "||" expr
   36     | expr • "==" expr
   37     | expr • "!=" expr
   38     | expr • ">=" expr
   38     | expr ">=" expr •  ["||", "&&", ';', ')', ',']
   39     | expr • "<=" expr
   40     | expr • '>' expr
   41     | expr • '<' expr

    "=="  error (nonassociative)
    "!="  error (nonassociative)
    ">="  error (nonassociative)
    "<="  error (nonassociative)
    '>'   error (nonassociative)
    '<'   error (nonassociative)

    $default  reduce using rule 38 (expr)

    Conflict between rule 38 and token "||" resolved as reduce ("||" < ">=").
    Conflict between rule 38 and token "&&" resolved as reduce ("&&" < ">=").
    Conflict between rule 38 and token "==" resolved as an error (%nonassoc "==").
    Conflict between rule 38 and token "!=" resolved as an error (%nonassoc "!=").
    Conflict between rule 38 and token ">=" resolved as an error (%nonassoc ">=").
    Conflict between rule 38 and token "<=" resolved as an error (%nonassoc "<=").
    Conflict between rule 38 and token '>' resolved as an error (%nonassoc '>').
    Conflict between rule 38 and token '<' resolved as an error (%nonassoc '<').


State 102

   34 expr: expr • "&&" expr
   35     | expr • "||" expr
   36     | expr • "==" expr
   37     | expr • "!=" expr
   38     | expr • ">=" expr
   39     | expr • "<=" expr
   39     | expr "<=" expr •  ["||", "&&", ';', ')', ',']
   40     | expr • '>' expr
   41     | expr • '<' expr

    "=="  error (nonassociative)
    "!="  error (nonassociative)
    ">="  error (nonassociative)
    "<="  error (nonassociative)
    '>'   error (nonassociative)
    '<'   error (nonassociative)

    $default  reduce using rule 39 (expr)

    Conflict between rule 39 and token "||" resolved as reduce ("||" < "<=").
    Conflict between rule 39 and token "&&" resolved as reduce ("&&" < "<=").
    Conflict between rule 39 and token "==" resolved as an error (%nonassoc "==").
    Conflict between rule 39 and token "!=" resolved as an error (%nonassoc "!=").
    Conflict between rule 39 and token ">=" resolved as an error (%nonassoc ">=").
    Conflict between rule 39 and token "<=" resolved as an error (%nonassoc "<=").
    Conflict between rule 39 and token '>' resolved as an error (%nonassoc '>').
    Conflict between rule 39 and token '<' resolved as an error (%nonassoc '<').


State 103

   34 expr: expr • "&&" expr
   35     | expr • "||" expr
   36     | expr • "==" expr
   37     | expr • "!=" expr
   38     | expr • ">=" expr
   39     | expr • "<=" expr
   40     | expr • '>' expr
   40     | expr '>' expr •  ["||", "&&", ';', ')', ',']
   41     | expr • '<' expr

    "=="  error (nonassociative)
    "!="  error (nonassociative)
    ">="  error (nonassociative)
    "<="  error (nonassociative)
    '>'   error (nonassociative)
    '<'   error (nonassociative)

    $default  reduce using rule 40 (expr)

    Conflict between rule 40 and token "||" resolved as reduce ("||" < '>').
    Conflict between rule 40 and token "&&" resolved as reduce ("&&" < '>').
    Conflict between rule 40 and token "==" resolved as an error (%nonassoc "==").
    Conflict between rule 40 and token "!=" resolved as an error (%nonassoc "!=").
    Conflict between rule 40 and token ">=" resolved as an error (%nonassoc ">=").
    Conflict between rule 40 and token "<=" resolved as an error (%nonassoc "<=").
    Conflict between rule 40 and token '>' resolved as an error (%nonassoc '>').
    Conflict between rule 40 and token '<' resolved as an error (%nonassoc '<').


State 104

   34 expr: expr • "&&" expr
   35     | expr • "||" expr
   36     | expr • "==" expr
   37     | expr • "!=" expr
   38     | expr • ">=" expr
   39     | expr • "<=" expr
   40     | expr • '>' expr
   41     | expr • '<' expr
   41     | expr '<' expr •  ["||", "&&", ';', ')', ',']

    "=="  error (nonassociative)
    "!="  error (nonassociative)
    ">="  error (nonassociative)
    "<="  error (nonassociative)
    '>'   error (nonassociative)
    '<'   error (nonassociative)

    $default  reduce using rule 41 (expr)

    Conflict between rule 41 and token "||" resolved as reduce ("||" < '<').
    Conflict between rule 41 and token "&&" resolved as reduce ("&&" < '<').
    Conflict between rule 41 and token "==" resolved as an error (%nonassoc "==").
    Conflict between rule 41 and token "!=" resolved as an error (%nonassoc "!=").
    Conflict between rule 41 and token ">=" resolved as an error (%nonassoc ">=").
    Conflict between rule 41 and token "<=" resolved as an error (%nonassoc "<=").
    Conflict between rule 41 and token '>' resolved as an error (%nonassoc '>').
    Conflict between rule 41 and token '<' resolved as an error (%nonassoc '<').


State 105

   23 statement: "identifier" '(' args ')' ';' •

    $default  reduce using rule 23 (statement)


State 106

   34 expr: expr • "&&" expr
   35     | expr • "||" expr
   36     | expr • "==" expr
   37     | expr • "!=" expr
   38     | expr • ">=" expr
   39     | expr • "<=" expr
   40     | expr • '>' expr
   41     | expr • '<' expr
   49 args: args ',' expr •  [')', ',']

    "||"  shift, and go to state 77
    "&&"  shift, and go to state 78
    "=="  shift, and go to state 79
    "!="  shift, and go to state 80
    ">="  shift, and go to state 81
    "<="  shift, and go to state 82
    '>'   shift, and go to state 83
    '<'   shift, and go to state 84

    $default  reduce using rule 49 (args)


State 107

   25 statement: "if" '(' expr ')' statement •  ["identifier", "if", "else", "while", "let", "load", "store", ';', '{', '}']
   26          | "if" '(' expr ')' statement • "else" statement

    "else"  shift, and go to state 112

    "else"    [reduce using rule 25 (statement)]
    $default  reduce using rule 25 (statement)

    shift/reduce conflict on token "else":
       25 statement: "if" '(' expr ')' statement •
       26 statement: "if" '(' expr ')' statement • "else" statement
      Example: "if" '(' expr ')' "if" '(' expr ')' statement • "else" statement
      Shift derivation
        statement
        ↳ 25: "if" '(' expr ')' statement
                                ↳ 26: "if" '(' expr ')' statement • "else" statement
      Reduce derivation
        statement
        ↳ 26: "if" '(' expr ')' statement                           "else" statement
                                ↳ 25: "if" '(' expr ')' statement •



State 108

   27 statement: "while" '(' expr ')' statement •

    $default  reduce using rule 27 (statement)


State 109

   28 statement: "load" value "<=" '<' value • '>' ';'

    '>'  shift, and go to state 113


State 110

   29 statement: "store" '<' value '>' "<=" • value ';'
   47 value: • "identifier"

    "identifier"  shift, and go to state 24

    value  go to state 114


State 111

   45 expr: "identifier" '(' args ')' •

    $default  reduce using rule 45 (expr)


State 112

    8 block: • '{' state_list '}'
   21 statement: • ';'
   22          | • assign ';'
   23          | • "identifier" '(' args ')' ';'
   24          | • "identifier" '(' ')' ';'
   25          | • "if" '(' expr ')' statement
   26          | • "if" '(' expr ')' statement "else" statement
   26          | "if" '(' expr ')' statement "else" • statement
   27          | • "while" '(' expr ')' statement
   28          | • "load" value "<=" '<' value '>' ';'
   29          | • "store" '<' value '>' "<=" value ';'
   30          | • block
   31 assign: • "let" value '=' expr
   32       | • "let" value "+=" expr
   33       | • "let" value "-=" expr

    "identifier"  shift, and go to state 26
    "if"          shift, and go to state 27
    "while"       shift, and go to state 28
    "let"         shift, and go to state 29
    "load"        shift, and go to state 30
    "store"       shift, and go to state 31
    ';'           shift, and go to state 32
    '{'           shift, and go to state 33

    block      go to state 34
    statement  go to state 115
    assign     go to state 38


State 113

   28 statement: "load" value "<=" '<' value '>' • ';'

    ';'  shift, and go to state 116


State 114

   29 statement: "store" '<' value '>' "<=" value • ';'

    ';'  shift, and go to state 117


State 115

   26 statement: "if" '(' expr ')' statement "else" statement •

    $default  reduce using rule 26 (statement)


State 116

   28 statement: "load" value "<=" '<' value '>' ';' •

    $default  reduce using rule 28 (statement)


State 117

   29 statement: "store" '<' value '>' "<=" value ';' •

    $default  reduce using rule 29 (statement)
